<?xml version="1.0" encoding="UTF-8"?>
<testsuite xmlns:xsi="http://www.w3.org/2001/XMLSchema-instance" xsi:noNamespaceSchemaLocation="https://maven.apache.org/surefire/maven-surefire-plugin/xsd/surefire-test-report-3.0.xsd" version="3.0" name="automatizadoOLX.test.OLXScraperTest" time="52.093" tests="1" errors="0" skipped="0" failures="0">
  <properties>
[...]
</properties>
  <testcase name="testCapturaEArmazenaAnunciosTXT" classname="automatizadoOLX.test.OLXScraperTest" time="52.092">
    <system-out><![CDATA[⚠️ Falha ao capturar section: /html/body/div[1]/div[2]/main/div[2]/div/main/div[7]/section[1]
⚠️ Falha ao capturar section: /html/body/div[1]/div[2]/main/div[2]/div/main/div[7]/section[2]
📁 Dados armazenados em: C:/Users/koyam/OneDrive/Documentos/olx/anuncios_olx.txt
✅ WebDriver fechado.
]]></system-out>
    <system-err><![CDATA[Starting ChromeDriver 133.0.6943.98 (da53563ceb66412e2637507c8724bd0cab05e453-refs/branch-heads/6943_85@{#7}) on port 20337
Only local connections are allowed.
Please see https://chromedriver.chromium.org/security-considerations for suggestions on keeping ChromeDriver safe.
ChromeDriver was started successfully on port 20337.
mar 10, 2025 1:32:28 PM org.openqa.selenium.remote.ProtocolHandshake createSession
INFORMAÇÕES: Detected dialect: W3C
]]></system-err>
  </testcase>
</testsuite>